Using pre-set license
Built from '2020.3/china_unity/release' branch; Version is '2020.3.12f1c1 (5887f62ce680) revision 5801974'; Using compiler version '192528614'; Build Type 'Release'
OS: 'Windows 10 Home China; OS build 22000.1335; Version 2009; 64bit' Language: 'zh' Physical Memory: 32456 MB
BatchMode: 1, IsHumanControllingUs: 0, StartBugReporterOnCrash: 0, Is64bit: 1, IsPro: 0

 COMMAND LINE ARGUMENTS:
D:\Software\Unity\2020.3.12f1c1\Editor\Unity.exe
-adb2
-batchMode
-noUpm
-name
AssetImportWorker0
-projectPath
G:/WorkSpace/unity_6dof_sample/Sample
-logFile
Logs/AssetImportWorker0.log
-srvPort
61090
Successfully changed project path to: G:/WorkSpace/unity_6dof_sample/Sample
G:/WorkSpace/unity_6dof_sample/Sample
Using Asset Import Pipeline V2.
Refreshing native plugins compatible for Editor in 22.59 ms, found 2 plugins.
Preloading 0 native plugins for Editor in 0.00 ms.
Initialize engine version: 2020.3.12f1c1 (5887f62ce680)
[Subsystems] Discovering subsystems at path D:/Software/Unity/2020.3.12f1c1/Editor/Data/Resources/UnitySubsystems
[Subsystems] Discovering subsystems at path G:/WorkSpace/unity_6dof_sample/Sample/Assets
GfxDevice: creating device client; threaded=0
Direct3D:
    Version:  Direct3D 11.0 [level 11.1]
    Renderer: NVIDIA GeForce GTX 1660 Ti (ID=0x2182)
    Vendor:   
    VRAM:     5991 MB
    Driver:   31.0.15.2225
Initialize mono
Mono path[0] = 'D:/Software/Unity/2020.3.12f1c1/Editor/Data/Managed'
Mono path[1] = 'D:/Software/Unity/2020.3.12f1c1/Editor/Data/MonoBleedingEdge/lib/mono/unityjit'
Mono config path = 'D:/Software/Unity/2020.3.12f1c1/Editor/Data/MonoBleedingEdge/etc'
Using monoOptions --debugger-agent=transport=dt_socket,embedding=1,server=y,suspend=n,address=127.0.0.1:56160
Begin MonoManager ReloadAssembly
Registering precompiled unity dll's ...
Register platform support module: D:/Software/Unity/2020.3.12f1c1/Editor/Data/PlaybackEngines/WindowsStandaloneSupport/UnityEditor.WindowsStandalone.Extensions.dll
Registered in 0.000629 seconds.
Native extension for WindowsStandalone target not found
Refreshing native plugins compatible for Editor in 24.66 ms, found 2 plugins.
Preloading 0 native plugins for Editor in 0.00 ms.
Mono: successfully reloaded assembly
- Completed reload, in  0.875 seconds
Platform modules already initialized, skipping
Registering precompiled user dll's ...
Registered in 0.002378 seconds.
Begin MonoManager ReloadAssembly
Native extension for WindowsStandalone target not found
Refreshing native plugins compatible for Editor in 22.33 ms, found 2 plugins.
Preloading 0 native plugins for Editor in 0.00 ms.
Mono: successfully reloaded assembly
- Completed reload, in  0.611 seconds
Platform modules already initialized, skipping
========================================================================
Worker process is ready to serve import requests
Launched and connected shader compiler UnityShaderCompiler.exe after 0.03 seconds
Refreshing native plugins compatible for Editor in 0.27 ms, found 2 plugins.
Preloading 0 native plugins for Editor in 0.00 ms.
Unloading 1917 Unused Serialized files (Serialized files now loaded: 0)
System memory in use before: 85.1 MB.
System memory in use after: 85.2 MB.

Unloading 21 unused Assets to reduce memory usage. Loaded Objects now: 2361.
Total: 1.466500 ms (FindLiveObjects: 0.108700 ms CreateObjectMapping: 0.026000 ms MarkObjects: 1.286600 ms  DeleteObjects: 0.044400 ms)

AssetImportParameters requested are different than current active one (requested -> active):
  custom:framework-win-MediaFoundation: 216162199b28c13a410421893ffa2e32 -> 
  custom:video-decoder-ogg-theora: a1e56fd34408186e4bbccfd4996cb3dc -> 
  custom:container-muxer-webm: aa71ff27fc2769a1b78a27578f13a17b -> 
  custom:container-demuxer-webm: 4f35f7cbe854078d1ac9338744f61a02 -> 
  custom:container-demuxer-ogg: 62fdf1f143b41e24485cea50d1cbac27 -> 
  custom:video-encoder-webm-vp8: eb34c28f22e8b96e1ab97ce403110664 -> 
  custom:video-codec-MediaFoundation-h265: 746d11721c4dcdbdad8f713fa42b33f4 -> 
  custom:video-decoder-webm-vp8: 9c59270c3fd7afecdb556c50c9e8de78 -> 
  custom:audio-decoder-ogg-vorbis: bf7c407c2cedff20999df2af8eb42d56 -> 
  custom:audio-encoder-webm-vorbis: bf7c407c2cedff20999df2af8eb42d56 -> 
========================================================================
Received Import Request.
  path: Assets/Samples/Skyworth XR Plugin/2.0.3/Input Sample/inputsample.unity
  artifactKey: Guid(579250ca5bded7d45b2ed7095ee4cc86) Importer(815301076,1909f56bfc062723c751e8b465ee728b)
Start importing Assets/Samples/Skyworth XR Plugin/2.0.3/Input Sample/inputsample.unity using Guid(579250ca5bded7d45b2ed7095ee4cc86) Importer(815301076,1909f56bfc062723c751e8b465ee728b)  -> (artifact id: '06aa8b1a8393f80c5fd1e14be3ddf597') in 0.008080 seconds 
  Import took 0.009930 seconds .

========================================================================
Received Prepare
Registering precompiled user dll's ...
Registered in 0.002055 seconds.
Begin MonoManager ReloadAssembly
Native extension for WindowsStandalone target not found
Refreshing native plugins compatible for Editor in 0.27 ms, found 2 plugins.
Preloading 0 native plugins for Editor in 0.00 ms.
Mono: successfully reloaded assembly
- Completed reload, in  0.545 seconds
Platform modules already initialized, skipping
Switching build target platform(19) subTarget(0) extendedPlatform(0) -> platform(13) subTarget(589824) extendedPlatform(0)
Refreshing native plugins compatible for Editor in 0.26 ms, found 2 plugins.
Preloading 0 native plugins for Editor in 0.00 ms.
Unloading 1909 Unused Serialized files (Serialized files now loaded: 0)
System memory in use before: 84.4 MB.
System memory in use after: 84.5 MB.

Unloading 15 unused Assets to reduce memory usage. Loaded Objects now: 2366.
Total: 1.291500 ms (FindLiveObjects: 0.086700 ms CreateObjectMapping: 0.027200 ms MarkObjects: 1.158000 ms  DeleteObjects: 0.018600 ms)

AssetImportParameters requested are different than current active one (requested -> active):
  custom:framework-win-MediaFoundation: 216162199b28c13a410421893ffa2e32 -> 
  custom:video-decoder-ogg-theora: a1e56fd34408186e4bbccfd4996cb3dc -> 
  custom:container-muxer-webm: aa71ff27fc2769a1b78a27578f13a17b -> 
  custom:container-demuxer-webm: 4f35f7cbe854078d1ac9338744f61a02 -> 
  custom:container-demuxer-ogg: 62fdf1f143b41e24485cea50d1cbac27 -> 
  custom:video-encoder-webm-vp8: eb34c28f22e8b96e1ab97ce403110664 -> 
  custom:video-codec-MediaFoundation-h265: 746d11721c4dcdbdad8f713fa42b33f4 -> 
  custom:video-decoder-webm-vp8: 9c59270c3fd7afecdb556c50c9e8de78 -> 
  custom:graphics/normal-map-encoding: 01000000000000000000000000000000 -> 02000000000000000000000000000000
  custom:audio-decoder-ogg-vorbis: bf7c407c2cedff20999df2af8eb42d56 -> 
  custom:audio-encoder-webm-vorbis: bf7c407c2cedff20999df2af8eb42d56 -> 
========================================================================
Received Import Request.
  Time since last request: 34.227003 seconds.
  path: Assets/Samples/Skyworth XR Plugin/2.0.3/Input Sample/inputsample.unity
  artifactKey: Guid(579250ca5bded7d45b2ed7095ee4cc86) Importer(815301076,1909f56bfc062723c751e8b465ee728b)
Start importing Assets/Samples/Skyworth XR Plugin/2.0.3/Input Sample/inputsample.unity using Guid(579250ca5bded7d45b2ed7095ee4cc86) Importer(815301076,1909f56bfc062723c751e8b465ee728b)  -> (artifact id: 'c1e7c836c7cceea150c2aec34520ccd2') in 0.006746 seconds 
  Import took 0.008772 seconds .

========================================================================
Received Import Request.
  Time since last request: 0.007585 seconds.
  path: Assets/Samples/Skyworth XR Plugin/2.0.3/Input Sample/inputsample.unity
  artifactKey: Guid(579250ca5bded7d45b2ed7095ee4cc86) Importer(815301076,1909f56bfc062723c751e8b465ee728b)
Start importing Assets/Samples/Skyworth XR Plugin/2.0.3/Input Sample/inputsample.unity using Guid(579250ca5bded7d45b2ed7095ee4cc86) Importer(815301076,1909f56bfc062723c751e8b465ee728b)  -> (artifact id: 'c1e7c836c7cceea150c2aec34520ccd2') in 0.001484 seconds 
  Import took 0.004049 seconds .

========================================================================
Received Prepare
Registering precompiled user dll's ...
Registered in 0.001834 seconds.
Begin MonoManager ReloadAssembly
The file 'MemoryStream' is corrupted! Remove it and launch unity again!
[Position out of bounds!]

Fatal Error! The file 'MemoryStream' is corrupted! Remove it and launch unity again!
[Position out of bounds!]

Crash!!!
SymInit: Symbol-SearchPath: 'D:/Software/Unity/2020.3.12f1c1/Editor/Data/Mono;.;G:\WorkSpace\unity_6dof_sample\Sample;D:\Software\Unity\2020.3.12f1c1\Editor;C:\Windows;C:\Windows\system32;SRV*C:\websymbols*http://msdl.microsoft.com/download/symbols;', symOptions: 534, UserName: 'DELL'
OS-Version: 10.0.0
D:\Software\Unity\2020.3.12f1c1\Editor\Unity.exe:Unity.exe (00007FF7049B0000), size: 141115392 (result: 0), SymType: '-deferred-', PDB: '', fileVersion: 2020.3.12.34806
C:\Windows\SYSTEM32\ntdll.dll:ntdll.dll (00007FFF0BEC0000), size: 2134016 (result: 0), SymType: '-deferred-', PDB: '', fileVersion: 10.0.22000.918
C:\Windows\System32\KERNEL32.DLL:KERNEL32.DLL (00007FFF0A5C0000), size: 778240 (result: 0), SymType: '-deferred-', PDB: '', fileVersion: 10.0.22000.1335
C:\Windows\System32\KERNELBASE.dll:KERNELBASE.dll (00007FFF09390000), size: 3649536 (result: 0), SymType: '-deferred-', PDB: '', fileVersion: 10.0.22000.1335
C:\Windows\SYSTEM32\apphelp.dll:apphelp.dll (00007FFF06490000), size: 598016 (result: 0), SymType: '-deferred-', PDB: '', fileVersion: 10.0.22000.1042
C:\Windows\System32\user32.dll:user32.dll (00007FFF0BCD0000), size: 1757184 (result: 0), SymType: '-deferred-', PDB: '', fileVersion: 10.0.22000.1281
C:\Windows\System32\win32u.dll:win32u.dll (00007FFF09830000), size: 155648 (result: 0), SymType: '-deferred-', PDB: '', fileVersion: 10.0.22000.1335
C:\Windows\System32\GDI32.dll:GDI32.dll (00007FFF0B4C0000), size: 167936 (result: 0), SymType: '-deferred-', PDB: '', fileVersion: 10.0.22000.832
C:\Windows\System32\gdi32full.dll:gdi32full.dll (00007FFF09710000), size: 1146880 (result: 0), SymType: '-deferred-', PDB: '', fileVersion: 10.0.22000.1335
C:\Windows\System32\msvcp_win.dll:msvcp_win.dll (00007FFF09CA0000), size: 643072 (result: 0), SymType: '-deferred-', PDB: '', fileVersion: 10.0.22000.1
C:\Windows\System32\ucrtbase.dll:ucrtbase.dll (00007FFF09B00000), size: 1118208 (result: 0), SymType: '-deferred-', PDB: '', fileVersion: 10.0.22000.1
C:\Windows\System32\advapi32.dll:advapi32.dll (00007FFF09F90000), size: 712704 (result: 0), SymType: '-deferred-', PDB: '', fileVersion: 10.0.22000.1098
C:\Windows\System32\msvcrt.dll:msvcrt.dll (00007FFF09E20000), size: 667648 (result: 0), SymType: '-deferred-', PDB: '', fileVersion: 7.0.22000.1
C:\Windows\System32\sechost.dll:sechost.dll (00007FFF0ACF0000), size: 647168 (result: 0), SymType: '-deferred-', PDB: '', fileVersion: 10.0.22000.708
C:\Windows\System32\RPCRT4.dll:RPCRT4.dll (00007FFF0ADE0000), size: 1179648 (result: 0), SymType: '-deferred-', PDB: '', fileVersion: 10.0.22000.675
C:\Windows\System32\shell32.dll:shell32.dll (00007FFF0B510000), size: 8089600 (result: 0), SymType: '-deferred-', PDB: '', fileVersion: 10.0.22000.1281
C:\Windows\System32\setupapi.dll:setupapi.dll (00007FFF0A680000), size: 4636672 (result: 0), SymType: '-deferred-', PDB: '', fileVersion: 10.0.22000.469
C:\Windows\System32\psapi.dll:psapi.dll (00007FFF0A0B0000), size: 32768 (result: 0), SymType: '-deferred-', PDB: '', fileVersion: 10.0.22000.1
C:\Windows\SYSTEM32\iphlpapi.dll:iphlpapi.dll (00007FFF07FE0000), size: 184320 (result: 0), SymType: '-deferred-', PDB: '', fileVersion: 10.0.22000.282
C:\Windows\System32\WS2_32.dll:WS2_32.dll (00007FFF0A040000), size: 454656 (result: 0), SymType: '-deferred-', PDB: '', fileVersion: 10.0.22000.1
C:\Windows\SYSTEM32\hid.dll:hid.dll (00007FFF07CF0000), size: 57344 (result: 0), SymType: '-deferred-', PDB: '', fileVersion: 10.0.22000.1
C:\Windows\System32\WINTRUST.dll:WINTRUST.dll (00007FFF09A90000), size: 425984 (result: 0), SymType: '-deferred-', PDB: '', fileVersion: 10.0.22000.1281
C:\Windows\System32\OLEAUT32.dll:OLEAUT32.dll (00007FFF0AAF0000), size: 876544 (result: 0), SymType: '-deferred-', PDB: '', fileVersion: 10.0.22000.1
C:\Windows\SYSTEM32\dhcpcsvc.dll:dhcpcsvc.dll (00007FFF03870000), size: 122880 (result: 0), SymType: '-deferred-', PDB: '', fileVersion: 10.0.22000.1098
C:\Windows\System32\combase.dll:combase.dll (00007FFF0B0C0000), size: 3637248 (result: 0), SymType: '-deferred-', PDB: '', fileVersion: 10.0.22000.1165
C:\Windows\SYSTEM32\dhcpcsvc6.dll:dhcpcsvc6.dll (00007FFF03320000), size: 102400 (result: 0), SymType: '-deferred-', PDB: '', fileVersion: 10.0.22000.1098
C:\Windows\SYSTEM32\wsock32.dll:wsock32.dll (00007FFEC5A50000), size: 36864 (result: 0), SymType: '-deferred-', PDB: '', fileVersion: 10.0.22000.1
C:\Windows\System32\IMM32.dll:IMM32.dll (00007FFF0ADA0000), size: 204800 (result: 0), SymType: '-deferred-', PDB: '', fileVersion: 10.0.22000.1165
C:\Windows\System32\ole32.dll:ole32.dll (00007FFF0A240000), size: 1679360 (result: 0), SymType: '-deferred-', PDB: '', fileVersion: 10.0.22000.120
D:\Software\Unity\2020.3.12f1c1\Editor\libfbxsdk.dll:libfbxsdk.dll (00007FFEBBF10000), size: 10215424 (result: 0), SymType: '-deferred-', PDB: '', fileVersion: 2020.2.0.0
D:\Software\Unity\2020.3.12f1c1\Editor\optix.6.0.0.dll:optix.6.0.0.dll (00007FFF00C20000), size: 208896 (result: 0), SymType: '-deferred-', PDB: '', fileVersion: 6.0.0.0
D:\Software\Unity\2020.3.12f1c1\Editor\OpenImageDenoise.dll:OpenImageDenoise.dll (00007FFE4EC40000), size: 43806720 (result: 0), SymType: '-deferred-', PDB: ''
C:\Windows\System32\SHLWAPI.dll:SHLWAPI.dll (00007FFF0A470000), size: 380928 (result: 0), SymType: '-deferred-', PDB: '', fileVersion: 10.0.22000.1
C:\Windows\System32\CRYPT32.dll:CRYPT32.dll (00007FFF09860000), size: 1449984 (result: 0), SymType: '-deferred-', PDB: '', fileVersion: 10.0.22000.1098
D:\Software\Unity\2020.3.12f1c1\Editor\umbraoptimizer64.dll:umbraoptimizer64.dll (00007FFEC8C90000), size: 1306624 (result: 0), SymType: '-deferred-', PDB: ''
C:\Windows\System32\WLDAP32.dll:WLDAP32.dll (00007FFF0B460000), size: 393216 (result: 0), SymType: '-deferred-', PDB: '', fileVersion: 10.0.22000.978
C:\Windows\System32\Normaliz.dll:Normaliz.dll (00007FFF09E10000), size: 32768 (result: 0), SymType: '-deferred-', PDB: '', fileVersion: 10.0.22000.1
D:\Software\Unity\2020.3.12f1c1\Editor\FreeImage.dll:FreeImage.dll (0000000180000000), size: 6414336 (result: 0), SymType: '-deferred-', PDB: '', fileVersion: 3.18.0.0
D:\Software\Unity\2020.3.12f1c1\Editor\ispc_texcomp.dll:ispc_texcomp.dll (00007FFEC86A0000), size: 1609728 (result: 0), SymType: '-deferred-', PDB: ''
D:\Software\Unity\2020.3.12f1c1\Editor\WinPixEventRuntime.dll:WinPixEventRuntime.dll (00007FFF051F0000), size: 45056 (result: 0), SymType: '-deferred-', PDB: '', fileVersion: 1.0.1812.6001
D:\Software\Unity\2020.3.12f1c1\Editor\RadeonImageFilters.dll:RadeonImageFilters.dll (00007FFE9EC60000), size: 2535424 (result: 0), SymType: '-deferred-', PDB: '', fileVersion: 1.5.1.0
D:\Software\Unity\2020.3.12f1c1\Editor\SketchUpAPI.dll:SketchUpAPI.dll (00007FFE9D680000), size: 8978432 (result: 0), SymType: '-deferred-', PDB: '', fileVersion: 19.0.753.0
C:\Windows\SYSTEM32\bcrypt.dll:bcrypt.dll (00007FFF08D70000), size: 159744 (result: 0), SymType: '-deferred-', PDB: '', fileVersion: 10.0.22000.1
C:\Windows\SYSTEM32\WINMM.dll:WINMM.dll (00007FFEF95E0000), size: 208896 (result: 0), SymType: '-deferred-', PDB: '', fileVersion: 10.0.22000.1
C:\Windows\SYSTEM32\VERSION.dll:VERSION.dll (00007FFF04FE0000), size: 40960 (result: 0), SymType: '-deferred-', PDB: '', fileVersion: 10.0.22000.1
C:\Windows\SYSTEM32\WINHTTP.dll:WINHTTP.dll (00007FFF03360000), size: 1130496 (result: 0), SymType: '-deferred-', PDB: '', fileVersion: 10.0.22000.1165
C:\Windows\SYSTEM32\GLU32.dll:GLU32.dll (00007FFE86C40000), size: 184320 (result: 0), SymType: '-deferred-', PDB: '', fileVersion: 10.0.22000.1042
C:\Windows\SYSTEM32\OPENGL32.dll:OPENGL32.dll (00007FFE71340000), size: 1052672 (result: 0), SymType: '-deferred-', PDB: '', fileVersion: 10.0.22000.1042
D:\Software\Unity\2020.3.12f1c1\Editor\tbb.dll:tbb.dll (00007FFECBD00000), size: 413696 (result: 0), SymType: '-deferred-', PDB: '', fileVersion: 2017.0.2016.1004
C:\Windows\SYSTEM32\VCRUNTIME140.dll:VCRUNTIME140.dll (00007FFEB62E0000), size: 110592 (result: 0), SymType: '-deferred-', PDB: '', fileVersion: 14.32.31332.0
C:\Windows\SYSTEM32\MSVCP140.dll:MSVCP140.dll (00007FFE73150000), size: 581632 (result: 0), SymType: '-deferred-', PDB: '', fileVersion: 14.32.31332.0
D:\Software\Unity\2020.3.12f1c1\Editor\SketchUpCommonPreferences.dll:SketchUpCommonPreferences.dll (00007FFEC8C10000), size: 483328 (result: 0), SymType: '-deferred-', PDB: '', fileVersion: 19.0.753.20342
C:\Windows\SYSTEM32\Secur32.dll:Secur32.dll (00007FFEF8FB0000), size: 49152 (result: 0), SymType: '-deferred-', PDB: '', fileVersion: 10.0.22000.675
C:\Windows\SYSTEM32\MSVCP120.dll:MSVCP120.dll (00007FFEC8B60000), size: 679936 (result: 0), SymType: '-deferred-', PDB: '', fileVersion: 12.0.40649.5
C:\Windows\SYSTEM32\MSVCR120.dll:MSVCR120.dll (00007FFEC5ED0000), size: 978944 (result: 0), SymType: '-deferred-', PDB: '', fileVersion: 12.0.40649.5
C:\Windows\SYSTEM32\VCRUNTIME140_1.dll:VCRUNTIME140_1.dll (00007FFE73140000), size: 49152 (result: 0), SymType: '-deferred-', PDB: '', fileVersion: 14.32.31332.0
C:\Windows\SYSTEM32\dxcore.dll:dxcore.dll (00007FFF06710000), size: 229376 (result: 0), SymType: '-deferred-', PDB: '', fileVersion: 10.0.22000.653
C:\Windows\SYSTEM32\SSPICLI.DLL:SSPICLI.DLL (00007FFF08790000), size: 270336 (result: 0), SymType: '-deferred-', PDB: '', fileVersion: 10.0.22000.1098
D:\Software\Unity\2020.3.12f1c1\Editor\OpenRL.dll:OpenRL.dll (0000029F1F0B0000), size: 12779520 (result: 0), SymType: '-deferred-', PDB: '', fileVersion: 1.5.0.2907
D:\Software\Unity\2020.3.12f1c1\Editor\embree.dll:embree.dll (00007FFE6BB00000), size: 16711680 (result: 0), SymType: '-deferred-', PDB: '', fileVersion: 2.14.0.0
C:\Windows\SYSTEM32\MSVCR100.dll:MSVCR100.dll (000000006A6C0000), size: 860160 (result: 0), SymType: '-deferred-', PDB: '', fileVersion: 10.0.40219.325
C:\Windows\SYSTEM32\MSVCP100.dll:MSVCP100.dll (000000006A540000), size: 622592 (result: 0), SymType: '-deferred-', PDB: '', fileVersion: 10.0.40219.325
D:\Software\Unity\2020.3.12f1c1\Editor\OpenRL_pthread.dll:OpenRL_pthread.dll (0000029F1E4B0000), size: 61440 (result: 0), SymType: '-deferred-', PDB: '', fileVersion: 2.9.0.0
C:\Windows\SYSTEM32\MSASN1.dll:MSASN1.dll (00007FFF08C40000), size: 73728 (result: 0), SymType: '-deferred-', PDB: '', fileVersion: 10.0.22000.1219
C:\Windows\SYSTEM32\CRYPTSP.dll:CRYPTSP.dll (00007FFF08BE0000), size: 98304 (result: 0), SymType: '-deferred-', PDB: '', fileVersion: 10.0.22000.1
C:\Windows\system32\rsaenh.dll:rsaenh.dll (00007FFF08460000), size: 217088 (result: 0), SymType: '-deferred-', PDB: '', fileVersion: 10.0.22000.282
C:\Windows\SYSTEM32\CRYPTBASE.dll:CRYPTBASE.dll (00007FFF08C00000), size: 49152 (result: 0), SymType: '-deferred-', PDB: '', fileVersion: 10.0.22000.1
C:\Windows\System32\bcryptPrimitives.dll:bcryptPrimitives.dll (00007FFF09C20000), size: 520192 (result: 0), SymType: '-deferred-', PDB: '', fileVersion: 10.0.22000.778
C:\Windows\SYSTEM32\MSWSOCK.DLL:MSWSOCK.DLL (00007FFF089A0000), size: 421888 (result: 0), SymType: '-deferred-', PDB: '', fileVersion: 10.0.22000.1
C:\Windows\SYSTEM32\cfgmgr32.DLL:cfgmgr32.DLL (00007FFF09060000), size: 311296 (result: 0), SymType: '-deferred-', PDB: '', fileVersion: 10.0.22000.1
C:\Windows\SYSTEM32\kernel.appcore.dll:kernel.appcore.dll (00007FFF08500000), size: 98304 (result: 0), SymType: '-deferred-', PDB: '', fileVersion: 10.0.22000.71
C:\Windows\system32\uxtheme.dll:uxtheme.dll (00007FFF06630000), size: 704512 (result: 0), SymType: '-deferred-', PDB: '', fileVersion: 10.0.22000.832
C:\Windows\System32\shcore.dll:shcore.dll (00007FFF0A150000), size: 958464 (result: 0), SymType: '-deferred-', PDB: '', fileVersion: 10.0.22000.613
C:\Windows\SYSTEM32\windows.storage.dll:windows.storage.dll (00007FFF07480000), size: 8802304 (result: 0), SymType: '-deferred-', PDB: '', fileVersion: 10.0.22000.1281
C:\Windows\SYSTEM32\wintypes.dll:wintypes.dll (00007FFF07310000), size: 1466368 (result: 0), SymType: '-deferred-', PDB: '', fileVersion: 10.0.22000.1165
C:\Windows\SYSTEM32\profapi.dll:profapi.dll (00007FFF092C0000), size: 135168 (result: 0), SymType: '-deferred-', PDB: '', fileVersion: 10.0.22000.1
C:\Windows\System32\clbcatq.dll:clbcatq.dll (00007FFF09ED0000), size: 741376 (result: 0), SymType: '-deferred-', PDB: '', fileVersion: 2001.12.10941.16384
C:\Windows\System32\netprofm.dll:netprofm.dll (00007FFF049C0000), size: 462848 (result: 0), SymType: '-deferred-', PDB: '', fileVersion: 10.0.22000.1281
C:\Windows\System32\NSI.dll:NSI.dll (00007FFF0A3E0000), size: 36864 (result: 0), SymType: '-deferred-', PDB: '', fileVersion: 10.0.22000.1
C:\Windows\SYSTEM32\DNSAPI.dll:DNSAPI.dll (00007FFF08060000), size: 950272 (result: 0), SymType: '-deferred-', PDB: '', fileVersion: 10.0.22000.1165
C:\Windows\System32\npmproxy.dll:npmproxy.dll (00007FFF01230000), size: 73728 (result: 0), SymType: '-deferred-', PDB: '', fileVersion: 10.0.22000.1281
C:\Windows\System32\fwpuclnt.dll:fwpuclnt.dll (00007FFF01600000), size: 528384 (result: 0), SymType: '-deferred-', PDB: '', fileVersion: 10.0.22000.1042
C:\Windows\System32\rasadhlp.dll:rasadhlp.dll (00007FFF01170000), size: 40960 (result: 0), SymType: '-deferred-', PDB: '', fileVersion: 10.0.22000.1
C:\Windows\SYSTEM32\d3d11.dll:d3d11.dll (00007FFF00E50000), size: 2621440 (result: 0), SymType: '-deferred-', PDB: '', fileVersion: 10.0.22000.1042
C:\Windows\SYSTEM32\dxgi.dll:dxgi.dll (00007FFF06770000), size: 995328 (result: 0), SymType: '-deferred-', PDB: '', fileVersion: 10.0.22000.1042
C:\Windows\SYSTEM32\directxdatabasehelper.dll:directxdatabasehelper.dll (00007FFF02A90000), size: 278528 (result: 0), SymType: '-deferred-', PDB: '', fileVersion: 10.0.22000.653
C:\Windows\SYSTEM32\ntmarta.dll:ntmarta.dll (00007FFF08520000), size: 212992 (result: 0), SymType: '-deferred-', PDB: '', fileVersion: 10.0.22000.1
C:\Windows\System32\DriverStore\FileRepository\nv_dispig.inf_amd64_1b5e80ff87b1f5c8\nvldumdx.dll:nvldumdx.dll (00007FFF00920000), size: 1142784 (result: 0), SymType: '-deferred-', PDB: '', fileVersion: 31.0.15.2225
C:\Windows\SYSTEM32\cryptnet.dll:cryptnet.dll (00007FFF025D0000), size: 200704 (result: 0), SymType: '-deferred-', PDB: '', fileVersion: 10.0.22000.1
C:\Windows\SYSTEM32\drvstore.dll:drvstore.dll (00007FFF01EA0000), size: 1347584 (result: 0), SymType: '-deferred-', PDB: '', fileVersion: 10.0.22000.120
C:\Windows\SYSTEM32\devobj.dll:devobj.dll (00007FFF090B0000), size: 180224 (result: 0), SymType: '-deferred-', PDB: '', fileVersion: 10.0.22000.1
C:\Windows\SYSTEM32\wldp.dll:wldp.dll (00007FFF08CB0000), size: 266240 (result: 0), SymType: '-deferred-', PDB: '', fileVersion: 10.0.22000.1281
C:\Windows\System32\imagehlp.dll:imagehlp.dll (00007FFF0B440000), size: 126976 (result: 0), SymType: '-deferred-', PDB: '', fileVersion: 10.0.22000.1
C:\Windows\System32\DriverStore\FileRepository\nv_dispig.inf_amd64_1b5e80ff87b1f5c8\nvwgf2umx.dll:nvwgf2umx.dll (00007FFEA7800000), size: 57032704 (result: 0), SymType: '-deferred-', PDB: '', fileVersion: 31.0.15.2225
C:\Windows\system32\wbem\wbemprox.dll:wbemprox.dll (00007FFEFFEE0000), size: 65536 (result: 0), SymType: '-deferred-', PDB: '', fileVersion: 10.0.22000.1
C:\Windows\SYSTEM32\wbemcomn.dll:wbemcomn.dll (00007FFEFFE50000), size: 532480 (result: 0), SymType: '-deferred-', PDB: '', fileVersion: 10.0.22000.1
C:\Windows\system32\wbem\wbemsvc.dll:wbemsvc.dll (00007FFEFD5B0000), size: 81920 (result: 0), SymType: '-deferred-', PDB: '', fileVersion: 10.0.22000.1
C:\Windows\system32\wbem\fastprox.dll:fastprox.dll (00007FFEFD710000), size: 1024000 (result: 0), SymType: '-deferred-', PDB: '', fileVersion: 10.0.22000.1
C:\Windows\SYSTEM32\amsi.dll:amsi.dll (00007FFEF9560000), size: 143360 (result: 0), SymType: '-deferred-', PDB: '', fileVersion: 10.0.22000.1042
C:\Windows\SYSTEM32\USERENV.dll:USERENV.dll (00007FFF08A90000), size: 167936 (result: 0), SymType: '-deferred-', PDB: '', fileVersion: 10.0.22000.1
C:\Program Files\McAfee\MfeAV\AMSIExt.dll:AMSIExt.dll (00007FFEF9490000), size: 835584 (result: 0), SymType: '-deferred-', PDB: '', fileVersion: 26.5.136.0
D:\Software\Unity\2020.3.12f1c1\Editor\cudart64_90.dll:cudart64_90.dll (00007FFEC55B0000), size: 397312 (result: 0), SymType: '-deferred-', PDB: '', fileVersion: 6.14.11.9000
C:\Windows\SYSTEM32\opencl.dll:opencl.dll (00007FFE9D290000), size: 1474560 (result: 0), SymType: '-deferred-', PDB: '', fileVersion: 3.0.1.0
D:\Software\Unity\2020.3.12f1c1\Editor\radeonrays.dll:radeonrays.dll (00007FFEBCAF0000), size: 552960 (result: 0), SymType: '-deferred-', PDB: ''
D:\Software\Unity\2020.3.12f1c1\Editor\Data\MonoBleedingEdge\EmbedRuntime\mono-2.0-bdwgc.dll:mono-2.0-bdwgc.dll (00007FFE59EA0000), size: 7790592 (result: 0), SymType: '-deferred-', PDB: ''
C:\ProgramData\Microsoft\VisualStudio\Setup\x64\Microsoft.VisualStudio.Setup.Configuration.Native.dll:Microsoft.VisualStudio.Setup.Configuration.Native.dll (00007FFEC6AA0000), size: 327680 (result: 0), SymType: '-deferred-', PDB: '', fileVersion: 2.11.65.22356
C:\Windows\SYSTEM32\dbghelp.dll:dbghelp.dll (00007FFF06DD0000), size: 2232320 (result: 0), SymType: '-deferred-', PDB: '', fileVersion: 10.0.22000.1

========== OUTPUTTING STACK TRACE ==================

0x00007FFF093D441C (KERNELBASE) RaiseException
0x00007FF7070EC22D (Unity) EditorMonoConsole::LogToConsoleImplementation
0x00007FF7070ED19B (Unity) EditorMonoConsole::LogToConsoleImplementation
0x00007FF708CC31FE (Unity) DebugStringToFilePostprocessedStacktrace
0x00007FF708CC27AF (Unity) DebugStringToFile
0x00007FF705ED1EDE (Unity) CachedReader::OutOfBoundsError
0x00007FF705ED6FB4 (Unity) CachedReader::UpdateReadCache
0x00007FF706032396 (Unity) ExecuteSerializationCommands<SafeBinaryRead>
0x00007FF7060392DE (Unity) TransferScriptingObject<StreamedBinaryRead,0>
0x00007FF70605476C (Unity) SerializableManagedRefTransfer::TransferBinaryInstanceOnly
0x00007FF7060345F8 (Unity) SerializableManagedRefTransfer::RestoreBackupImpl<SerializableManagedRefBackupGenerator>
0x00007FF70603449B (Unity) SerializableManagedRefTransfer::RestoreBackup<SerializableManagedRefBackupGenerator>
0x00007FF7065BE56D (Unity) SerializableManagedRefsUtilities::RestoreBackups
0x00007FF7065010FD (Unity) MonoManager::EndReloadAssembly
0x00007FF706507FF9 (Unity) MonoManager::ReloadAssembly
0x00007FF7078BE9D1 (Unity) LoadDomainAndUserAssemblies
0x00007FF7078BEE7E (Unity) LoadUserAssemblies
0x00007FF707D298F8 (Unity) <lambda_5fc42dc2d4973339cd69387d722ddf95>::operator()
0x00007FF707DCDC52 (Unity) asio::detail::completion_handler<core::mutable_function<void __cdecl(void)> >::do_complete
0x00007FF707DCFDB0 (Unity) asio::detail::win_iocp_io_service::do_one
0x00007FF707DD353E (Unity) asio::io_service::run
0x00007FF707D5693B (Unity) RunAssetImportWorkerClientV2
0x00007FF707D56990 (Unity) RunAssetImporterV2
0x00007FF7072452F6 (Unity) Application::InitializeProject
0x00007FF707BCAEA2 (Unity) WinMain
0x00007FF709A1ED36 (Unity) __scrt_common_main_seh
0x00007FFF0A5D55A0 (KERNEL32) BaseThreadInitThunk
0x00007FFF0BEC485B (ntdll) RtlUserThreadStart

========== END OF STACKTRACE ===========

A crash has been intercepted by the crash handler. For call stack and other details, see the latest crash report generated in:
 * C:/Users/DELL/AppData/Local/Temp/Unity/Editor/Crashes
